\BOOKMARK [1][-]{section.1}{\376\377\137\025\212\000}{}% 1
\BOOKMARK [1][-]{section.2}{\376\377\166\370\121\163\135\345\117\134}{}% 2
\BOOKMARK [1][-]{section.3}{\376\377\174\373\176\337\136\372\152\041}{}% 3
\BOOKMARK [2][-]{subsection.3.1}{\376\377\202\202\160\271\136\372\152\041}{section.3}% 4
\BOOKMARK [3][-]{subsubsection.3.1.1}{\376\377\117\040\141\037\126\150\202\202\160\271\377\010\000S\000e\000n\000s\000o\000r\377\011}{subsection.3.1}% 5
\BOOKMARK [3][-]{subsubsection.3.1.2}{\376\377\123\357\221\315\147\204\146\172\200\375\123\315\134\004\227\142\377\010\000R\000I\000S\377\011}{subsection.3.1}% 6
\BOOKMARK [3][-]{subsubsection.3.1.3}{\376\377\000R\000F\000\040\174\007\131\064\377\010\000C\000H\377\011}{subsection.3.1}% 7
\BOOKMARK [3][-]{subsubsection.3.1.4}{\376\377\000S\000i\000n\000k\377\010\117\341\140\157\154\107\200\132\116\016\214\003\136\246\377\011}{subsection.3.1}% 8
\BOOKMARK [2][-]{subsection.3.2}{\376\377\127\072\146\157\136\372\152\041}{section.3}% 9
\BOOKMARK [3][-]{subsubsection.3.2.1}{\376\377\121\150\134\100\127\072\146\157\136\372\152\041\377\032\000C\000a\000r\000r\000a\000u\000n\000t\000o\000o\000h\000i\000l\000\040\134\161\127\060\145\160\143\156\232\161\122\250}{subsection.3.2}% 10
\BOOKMARK [3][-]{subsubsection.3.2.2}{\376\377\174\007\121\205\127\072\146\157\136\372\152\041\377\032\217\321\127\072\000\040\000M\000R\000C\000\040\000+\000\040\000R\000I\000S\000\040\200\132\161\046}{subsection.3.2}% 11
\BOOKMARK [1][-]{section.4}{\376\377\147\072\122\066\213\276\213\241}{}% 12
\BOOKMARK [2][-]{subsection.4.1}{\376\377\145\160\133\146\123\026\166\204\000R\000I\000S\220\011\127\100\116\016\147\072\117\032\215\357\137\204\377\032\126\372\133\232\145\366\172\013\116\013\166\204\215\350\127\060\137\142\217\336\220\032}{section.4}% 13
\BOOKMARK [2][-]{subsection.4.2}{\376\377\000R\000I\000S\130\236\137\072\000M\000R\000C\377\032\217\321\127\072\220\017\225\134\116\016\234\201\150\322\200\046\124\010}{section.4}% 14
\BOOKMARK [2][-]{subsection.4.3}{\376\377\177\121\176\334\134\102\213\276\213\241\377\032\133\232\145\366\116\012\142\245\116\016\200\375\221\317\215\357\165\061}{section.4}% 15
\BOOKMARK [1][-]{section.5}{\376\377\133\236\232\214\213\276\213\241\116\016\176\323\147\234}{}% 16
\BOOKMARK [2][-]{subsection.5.1}{\376\377\133\236\232\214\225\356\230\230\116\016\120\107\213\276}{section.5}% 17
\BOOKMARK [2][-]{subsection.5.2}{\376\377\127\072\146\157\060\001\145\160\143\156\116\016\133\236\163\260}{section.5}% 18
\BOOKMARK [2][-]{subsection.5.3}{\376\377\133\371\153\324\145\271\154\325\116\016\155\210\207\215\213\276\177\156}{section.5}% 19
\BOOKMARK [2][-]{subsection.5.4}{\376\377\213\304\116\367\143\007\150\007}{section.5}% 20
\BOOKMARK [2][-]{subsection.5.5}{\376\377\133\236\232\214\155\101\172\013\116\016\176\337\213\241}{section.5}% 21
\BOOKMARK [2][-]{subsection.5.6}{\376\377\176\323\147\234\151\202\211\310}{section.5}% 22
\BOOKMARK [1][-]{section.6}{\376\377\213\250\213\272}{}% 23
\BOOKMARK [1][-]{section.7}{\376\377\176\323\213\272}{}% 24
\BOOKMARK [1][-]{section*.1}{\376\377\123\302\200\003\145\207\163\056}{}% 25
\BOOKMARK [1][-]{IEEEbiography.0}{\376\377\000B\000i\000o\000g\000r\000a\000p\000h\000i\000e\000s}{}% 26
\BOOKMARK [2][-]{IEEEbiography.1}{\376\377\117\134\200\005\131\323\124\015}{IEEEbiography.0}% 27
\BOOKMARK [2][-]{IEEEbiography.2}{\376\377\124\010\117\134\200\005\131\323\124\015}{IEEEbiography.0}% 28
